c:\users\regqin\source\qt\audioplayer\audioplayer\generatedfiles\debug\moc_audioplayer.cpp
c:\users\regqin\source\qt\audioplayer\audioplayer\generatedfiles\qrc_audioplayer.cpp
c:\users\regqin\source\qt\audioplayer\audioplayer\generatedfiles\ui_audioplayer.h
c:\users\regqin\source\qt\audioplayer\audioplayer\x64\debug\qrc_audioplayer.obj
c:\users\regqin\source\qt\audioplayer\audioplayer\x64\debug\main.obj
c:\users\regqin\source\qt\audioplayer\audioplayer\x64\debug\moc_audioplayer.obj
c:\users\regqin\source\qt\audioplayer\audioplayer\x64\debug\audioplayer.obj
c:\users\regqin\source\qt\audioplayer\audioplayer\x64\debug\vc141.pdb
c:\users\regqin\source\qt\audioplayer\x64\debug\audioplayer.exe
c:\users\regqin\source\qt\audioplayer\x64\debug\audioplayer.ilk
c:\users\regqin\source\qt\audioplayer\x64\debug\audioplayer.pdb
c:\users\regqin\source\qt\audioplayer\audioplayer\.\generatedfiles\debug\moc_audioplayer.cpp
c:\users\regqin\source\qt\audioplayer\audioplayer\.\generatedfiles\qrc_audioplayer.cpp
c:\users\regqin\source\qt\audioplayer\audioplayer\.\generatedfiles\ui_audioplayer.h
c:\users\regqin\source\qt\audioplayer\audioplayer\x64\debug\audioplayer.tlog\audioplayer.write.1u.tlog
c:\users\regqin\source\qt\audioplayer\audioplayer\x64\debug\audioplayer.tlog\cl.command.1.tlog
c:\users\regqin\source\qt\audioplayer\audioplayer\x64\debug\audioplayer.tlog\cl.read.1.tlog
c:\users\regqin\source\qt\audioplayer\audioplayer\x64\debug\audioplayer.tlog\cl.write.1.tlog
c:\users\regqin\source\qt\audioplayer\audioplayer\x64\debug\audioplayer.tlog\link.command.1.tlog
c:\users\regqin\source\qt\audioplayer\audioplayer\x64\debug\audioplayer.tlog\link.read.1.tlog
c:\users\regqin\source\qt\audioplayer\audioplayer\x64\debug\audioplayer.tlog\link.write.1.tlog
c:\users\regqin\source\qt\audioplayer\audioplayer\x64\debug\audioplayer.tlog\qtmoc.read.1u.tlog
c:\users\regqin\source\qt\audioplayer\audioplayer\x64\debug\audioplayer.tlog\qtmoc.write.1u.tlog
c:\users\regqin\source\qt\audioplayer\audioplayer\x64\debug\audioplayer.tlog\qtrcc.read.1u.tlog
c:\users\regqin\source\qt\audioplayer\audioplayer\x64\debug\audioplayer.tlog\qtrcc.write.1u.tlog
c:\users\regqin\source\qt\audioplayer\audioplayer\x64\debug\audioplayer.tlog\qtuic.read.1u.tlog
c:\users\regqin\source\qt\audioplayer\audioplayer\x64\debug\audioplayer.tlog\qtuic.write.1u.tlog
